2018-09-10 10:57:47 [scrapy.utils.log] INFO: Scrapy 1.5.0 started (bot: pm25)
2018-09-10 10:57:47 [scrapy.utils.log] INFO: Versions: lxml 4.2.0.0, libxml2 2.9.8, cssselect 1.0.3, parsel 1.4.0, w3lib 1.19.0, Twisted 18.4.0, Python 2.7.13+ (default, Jul 19 2017, 18:15:03) - [GCC 6.4.0 20170704], pyOpenSSL 17.5.0 (OpenSSL 1.1.0g  2 Nov 2017), cryptography 2.1.4, Platform Linux-4.9.0-deepin9-amd64-x86_64-with-Deepin-15.4.1-unstable
2018-09-10 10:57:47 [scrapy.crawler] INFO: Overridden settings: {'NEWSPIDER_MODULE': 'pm25.spiders', 'ROBOTSTXT_OBEY': True, 'LOG_LEVEL': 'INFO', 'SPIDER_MODULES': ['pm25.spiders'], 'BOT_NAME': 'pm25', 'USER_AGENT': 'Mozilla/5.0 (X11; Linux x86_64) AppleWebKit/537.36 (KHTML, like Gecko) Chrome/58.0.3029.110 Safari/537.36', 'LOG_FILE': 'pm25.log'}
2018-09-10 10:57:47 [scrapy.middleware] INFO: Enabled extensions:
['scrapy.extensions.memusage.MemoryUsage',
 'scrapy.extensions.logstats.LogStats',
 'scrapy.extensions.telnet.TelnetConsole',
 'scrapy.extensions.corestats.CoreStats']
2018-09-10 10:57:47 [scrapy.middleware] INFO: Enabled downloader middlewares:
['scrapy.downloadermiddlewares.robotstxt.RobotsTxtMiddleware',
 'scrapy.downloadermiddlewares.httpauth.HttpAuthMiddleware',
 'scrapy.downloadermiddlewares.downloadtimeout.DownloadTimeoutMiddleware',
 'scrapy.downloadermiddlewares.defaultheaders.DefaultHeadersMiddleware',
 'scrapy.downloadermiddlewares.useragent.UserAgentMiddleware',
 'scrapy.downloadermiddlewares.retry.RetryMiddleware',
 'scrapy.downloadermiddlewares.redirect.MetaRefreshMiddleware',
 'scrapy.downloadermiddlewares.httpcompression.HttpCompressionMiddleware',
 'scrapy.downloadermiddlewares.redirect.RedirectMiddleware',
 'scrapy.downloadermiddlewares.cookies.CookiesMiddleware',
 'scrapy.downloadermiddlewares.httpproxy.HttpProxyMiddleware',
 'scrapy.downloadermiddlewares.stats.DownloaderStats']
2018-09-10 10:57:47 [scrapy.middleware] INFO: Enabled spider middlewares:
['scrapy.spidermiddlewares.httperror.HttpErrorMiddleware',
 'scrapy.spidermiddlewares.offsite.OffsiteMiddleware',
 'scrapy.spidermiddlewares.referer.RefererMiddleware',
 'scrapy.spidermiddlewares.urllength.UrlLengthMiddleware',
 'scrapy.spidermiddlewares.depth.DepthMiddleware']
2018-09-10 10:57:47 [scrapy.middleware] INFO: Enabled item pipelines:
['pm25.pipelines.Pm25Pipeline']
2018-09-10 10:57:47 [scrapy.core.engine] INFO: Spider opened
2018-09-10 10:57:47 [scrapy.extensions.logstats] INFO: Crawled 0 pages (at 0 pages/min), scraped 0 items (at 0 items/min)
2018-09-10 10:58:47 [scrapy.extensions.logstats] INFO: Crawled 1622 pages (at 1622 pages/min), scraped 221 items (at 221 items/min)
2018-09-10 10:59:47 [scrapy.extensions.logstats] INFO: Crawled 3196 pages (at 1574 pages/min), scraped 434 items (at 213 items/min)
2018-09-10 11:00:47 [scrapy.extensions.logstats] INFO: Crawled 4673 pages (at 1477 pages/min), scraped 638 items (at 204 items/min)
2018-09-10 11:01:47 [scrapy.extensions.logstats] INFO: Crawled 6154 pages (at 1481 pages/min), scraped 836 items (at 198 items/min)
2018-09-10 11:02:47 [scrapy.extensions.logstats] INFO: Crawled 7650 pages (at 1496 pages/min), scraped 1044 items (at 208 items/min)
2018-09-10 11:03:47 [scrapy.extensions.logstats] INFO: Crawled 9097 pages (at 1447 pages/min), scraped 1238 items (at 194 items/min)
2018-09-10 11:04:19 [scrapy.core.engine] INFO: Closing spider (finished)
2018-09-10 11:04:19 [scrapy.statscollectors] INFO: Dumping Scrapy stats:
{'downloader/request_bytes': 13035980,
 'downloader/request_count': 9882,
 'downloader/request_method_count/GET': 9882,
 'downloader/response_bytes': 88414941,
 'downloader/response_count': 9882,
 'downloader/response_status_count/200': 9881,
 'downloader/response_status_count/404': 1,
 'finish_reason': 'finished',
 'finish_time': datetime.datetime(2018, 9, 10, 3, 4, 19, 74114),
 'item_scraped_count': 1354,
 'log_count/INFO': 13,
 'memusage/max': 705011712,
 'memusage/startup': 705011712,
 'request_depth_max': 1,
 'response_received_count': 9882,
 'scheduler/dequeued': 9881,
 'scheduler/dequeued/memory': 9881,
 'scheduler/enqueued': 9881,
 'scheduler/enqueued/memory': 9881,
 'start_time': datetime.datetime(2018, 9, 10, 2, 57, 47, 682795)}
2018-09-10 11:04:19 [scrapy.core.engine] INFO: Spider closed (finished)
